
> angular@0.0.0 start
> ng serve --host 0.0.0.0  --no-hmr --disable-host-check --port 3000

Warning: Running a server with --disable-host-check is a security risk. See https://medium.com/webpack/webpack-dev-server-middleware-security-issues-1489d950874a for more information.
The "disableHostCheck" option will not be used because it is not supported by the "@angular-devkit/build-angular:application" builder.
❯ Building...
✔ Building...
Application bundle generation failed. [13.090 seconds]

▲ [WARNING] TS-998113: RouterOutlet is not used within the template of AppComponent [plugin angular-compiler]

    src/app/app.component.ts:11:12:
      11 │   imports: [RouterOutlet, BreatheEaseMainComponent],
         ╵             ~~~~~~~~~~~~


✘ [ERROR] NG9: Property 'Date' does not exist on type 'BreatheEaseMainComponent'. [plugin angular-compiler]

    src/app/breathe-ease-main.component.html:35:55:
      35 │ ...-timer">{{ (testStartTime ? ((Date.now()-testStartTime)/1000).t...
         ╵                                  ~~~~

  Error occurs in the template of component BreatheEaseMainComponent.

    src/app/breathe-ease-main.component.ts:16:15:
      16 │   templateUrl: './breathe-ease-main.component.html',
         ╵                ~~~~~~~~~~~~~~~~~~~~~~~~~~~~~~~~~~~~


Watch mode enabled. Watching for file changes...
